"20171206112829","os_monitor.py","os_monitor","<module>","40","7076","MainThread","5576","20","INFO","42","root","start "
"20171206112829","os_monitor.py","os_monitor","cpu","107","7076","MainThread","5576","20","INFO","221","root","This Is Exception,('module' object has no attribute 'getloadavg')"
"20171206112829","os_monitor.py","os_monitor","mem","123","7076","MainThread","5576","20","INFO","253","root","This Is Exception,(list index out of range)[["'{'", '\xb2\xbb\xca\xc7\xc4\xda\xb2\xbf\xbb\xf2\xcd\xe2\xb2\xbf\xc3\xfc\xc1\xee\xa3\xac\xd2\xb2\xb2\xbb\xca\xc7\xbf\xc9\xd4\xcb\xd0\xd0\xb5\xc4\xb3\xcc\xd0\xf2'], ['\xbb\xf2\xc5\xfa\xb4\xa6\xc0\xed\xce\xc4\xbc\xfe\xa1\xa3']]"
"20171206113050","os_monitor.py","os_monitor","<module>","45","5736","MainThread","6196","20","INFO","43","root","start "
"20171206113050","os_monitor.py","os_monitor","cpu","112","5736","MainThread","6196","20","INFO","266","root","This Is Exception,('module' object has no attribute 'getloadavg')"
"20171206113050","os_monitor.py","os_monitor","mem","128","5736","MainThread","6196","20","INFO","302","root","This Is Exception,(list index out of range)[["'{'", '\xb2\xbb\xca\xc7\xc4\xda\xb2\xbf\xbb\xf2\xcd\xe2\xb2\xbf\xc3\xfc\xc1\xee\xa3\xac\xd2\xb2\xb2\xbb\xca\xc7\xbf\xc9\xd4\xcb\xd0\xd0\xb5\xc4\xb3\xcc\xd0\xf2'], ['\xbb\xf2\xc5\xfa\xb4\xa6\xc0\xed\xce\xc4\xbc\xfe\xa1\xa3']]"
"20171206113052","os_monitor.py","os_monitor","<module>","173","5736","MainThread","6196","20","INFO","1378","root","end "
"20171206113209","os_monitor.py","os_monitor","<module>","45","6040","MainThread","5036","20","INFO","42","root","start "
"20171206113209","os_monitor.py","os_monitor","cpu","112","6040","MainThread","5036","20","INFO","203","root","This Is Exception,('module' object has no attribute 'getloadavg')"
"20171206113209","os_monitor.py","os_monitor","mem","128","6040","MainThread","5036","20","INFO","239","root","This Is Exception,(list index out of range)[["'{'", '\xb2\xbb\xca\xc7\xc4\xda\xb2\xbf\xbb\xf2\xcd\xe2\xb2\xbf\xc3\xfc\xc1\xee\xa3\xac\xd2\xb2\xb2\xbb\xca\xc7\xbf\xc9\xd4\xcb\xd0\xd0\xb5\xc4\xb3\xcc\xd0\xf2'], ['\xbb\xf2\xc5\xfa\xb4\xa6\xc0\xed\xce\xc4\xbc\xfe\xa1\xa3']]"
"20171206113210","os_monitor.py","os_monitor","<module>","168","6040","MainThread","5036","20","INFO","1322","root","end "
"20171206113213","os_monitor.py","os_monitor","<module>","45","6796","MainThread","6248","20","INFO","42","root","start "
"20171206113213","os_monitor.py","os_monitor","cpu","112","6796","MainThread","6248","20","INFO","197","root","This Is Exception,('module' object has no attribute 'getloadavg')"
"20171206113213","os_monitor.py","os_monitor","mem","128","6796","MainThread","6248","20","INFO","233","root","This Is Exception,(list index out of range)[["'{'", '\xb2\xbb\xca\xc7\xc4\xda\xb2\xbf\xbb\xf2\xcd\xe2\xb2\xbf\xc3\xfc\xc1\xee\xa3\xac\xd2\xb2\xb2\xbb\xca\xc7\xbf\xc9\xd4\xcb\xd0\xd0\xb5\xc4\xb3\xcc\xd0\xf2'], ['\xbb\xf2\xc5\xfa\xb4\xa6\xc0\xed\xce\xc4\xbc\xfe\xa1\xa3']]"
"20171206113214","os_monitor.py","os_monitor","<module>","168","6796","MainThread","6248","20","INFO","1325","root","end "
"20171206113222","os_monitor.py","os_monitor","<module>","45","6752","MainThread","6820","20","INFO","41","root","start "
"20171206113222","os_monitor.py","os_monitor","cpu","112","6752","MainThread","6820","20","INFO","234","root","This Is Exception,('module' object has no attribute 'getloadavg')"
"20171206113222","os_monitor.py","os_monitor","mem","128","6752","MainThread","6820","20","INFO","268","root","This Is Exception,(list index out of range)[["'{'", '\xb2\xbb\xca\xc7\xc4\xda\xb2\xbf\xbb\xf2\xcd\xe2\xb2\xbf\xc3\xfc\xc1\xee\xa3\xac\xd2\xb2\xb2\xbb\xca\xc7\xbf\xc9\xd4\xcb\xd0\xd0\xb5\xc4\xb3\xcc\xd0\xf2'], ['\xbb\xf2\xc5\xfa\xb4\xa6\xc0\xed\xce\xc4\xbc\xfe\xa1\xa3']]"
"20171206113223","os_monitor.py","os_monitor","<module>","168","6752","MainThread","6820","20","INFO","1360","root","end "
"20171206113238","os_monitor.py","os_monitor","<module>","45","6188","MainThread","6732","20","INFO","41","root","start "
"20171206113238","os_monitor.py","os_monitor","cpu","112","6188","MainThread","6732","20","INFO","198","root","This Is Exception,('module' object has no attribute 'getloadavg')"
"20171206113238","os_monitor.py","os_monitor","mem","128","6188","MainThread","6732","20","INFO","233","root","This Is Exception,(list index out of range)[["'{'", '\xb2\xbb\xca\xc7\xc4\xda\xb2\xbf\xbb\xf2\xcd\xe2\xb2\xbf\xc3\xfc\xc1\xee\xa3\xac\xd2\xb2\xb2\xbb\xca\xc7\xbf\xc9\xd4\xcb\xd0\xd0\xb5\xc4\xb3\xcc\xd0\xf2'], ['\xbb\xf2\xc5\xfa\xb4\xa6\xc0\xed\xce\xc4\xbc\xfe\xa1\xa3']]"
"20171206113239","os_monitor.py","os_monitor","<module>","168","6188","MainThread","6732","20","INFO","1332","root","end "
"20171206113350","os_monitor.py","os_monitor","<module>","45","6876","MainThread","5780","20","INFO","42","root","start "
"20171206113350","os_monitor.py","os_monitor","cpu","112","6876","MainThread","5780","20","INFO","203","root","This Is Exception,('module' object has no attribute 'getloadavg')"
"20171206113350","os_monitor.py","os_monitor","mem","128","6876","MainThread","5780","20","INFO","239","root","This Is Exception,(list index out of range)[["'{'", '\xb2\xbb\xca\xc7\xc4\xda\xb2\xbf\xbb\xf2\xcd\xe2\xb2\xbf\xc3\xfc\xc1\xee\xa3\xac\xd2\xb2\xb2\xbb\xca\xc7\xbf\xc9\xd4\xcb\xd0\xd0\xb5\xc4\xb3\xcc\xd0\xf2'], ['\xbb\xf2\xc5\xfa\xb4\xa6\xc0\xed\xce\xc4\xbc\xfe\xa1\xa3']]"
"20171206113351","os_monitor.py","os_monitor","<module>","169","6876","MainThread","5780","20","INFO","1327","root","end "
"20171206113407","os_monitor.py","os_monitor","<module>","45","5764","MainThread","604","20","INFO","45","root","start "
"20171206113407","os_monitor.py","os_monitor","cpu","112","5764","MainThread","604","20","INFO","197","root","This Is Exception,('module' object has no attribute 'getloadavg')"
"20171206113407","os_monitor.py","os_monitor","mem","128","5764","MainThread","604","20","INFO","230","root","This Is Exception,(list index out of range)[["'{'", '\xb2\xbb\xca\xc7\xc4\xda\xb2\xbf\xbb\xf2\xcd\xe2\xb2\xbf\xc3\xfc\xc1\xee\xa3\xac\xd2\xb2\xb2\xbb\xca\xc7\xbf\xc9\xd4\xcb\xd0\xd0\xb5\xc4\xb3\xcc\xd0\xf2'], ['\xbb\xf2\xc5\xfa\xb4\xa6\xc0\xed\xce\xc4\xbc\xfe\xa1\xa3']]"
"20171206113408","os_monitor.py","os_monitor","<module>","169","5764","MainThread","604","20","INFO","1315","root","end "
"20171206113415","os_monitor.py","os_monitor","<module>","45","6752","MainThread","7100","20","INFO","41","root","start "
"20171206113415","os_monitor.py","os_monitor","cpu","112","6752","MainThread","7100","20","INFO","190","root","This Is Exception,('module' object has no attribute 'getloadavg')"
"20171206113415","os_monitor.py","os_monitor","mem","128","6752","MainThread","7100","20","INFO","227","root","This Is Exception,(list index out of range)[["'{'", '\xb2\xbb\xca\xc7\xc4\xda\xb2\xbf\xbb\xf2\xcd\xe2\xb2\xbf\xc3\xfc\xc1\xee\xa3\xac\xd2\xb2\xb2\xbb\xca\xc7\xbf\xc9\xd4\xcb\xd0\xd0\xb5\xc4\xb3\xcc\xd0\xf2'], ['\xbb\xf2\xc5\xfa\xb4\xa6\xc0\xed\xce\xc4\xbc\xfe\xa1\xa3']]"
"20171206113416","os_monitor.py","os_monitor","<module>","169","6752","MainThread","7100","20","INFO","1331","root","end "
"20171206145223","os_monitor.py","os_monitor","<module>","45","4728","MainThread","4404","20","INFO","42","root","start "
"20171206145223","os_monitor.py","os_monitor","<module>","163","4728","MainThread","4404","20","INFO","44","root","end "
"20171206145225","os_monitor.py","os_monitor","<module>","45","7792","MainThread","7416","20","INFO","31","root","start "
"20171206145225","os_monitor.py","os_monitor","<module>","163","7792","MainThread","7416","20","INFO","32","root","end "
{"C:": {"disk_ava": 8871411712, "disk_use": 247186649088, "disk_sum": 256058060800, "disk_use_per": 0.9653539057341795}, "D:": {"disk_ava": 7904038912, "disk_use": 492201177088, "disk_sum": 500105216000, "disk_use_per": 0.9841952480015725}, "E:": {"disk_ava": 9668345856, "disk_use": 310401085440, "disk_sum": 320069431296, "disk_use_per": 0.969792973303162}}	
"20171206145225","os_monitor.py","os_monitor","<module>","45","1588","MainThread","1540","20","INFO","34","root","start "
"20171206145225","os_monitor.py","os_monitor","<module>","163","1588","MainThread","1540","20","INFO","35","root","end "
"20171206145252","os_monitor.py","os_monitor","<module>","45","7688","MainThread","5780","20","INFO","43","root","start "
"20171206145252","os_monitor.py","os_monitor","<module>","163","7688","MainThread","5780","20","INFO","45","root","end "
"20171206145253","os_monitor.py","os_monitor","<module>","45","7892","MainThread","4952","20","INFO","27","root","start "
"20171206145253","os_monitor.py","os_monitor","<module>","163","7892","MainThread","4952","20","INFO","27","root","end "
{"C:": {"disk_ava": 8871006208, "disk_use": 247187054592, "disk_sum": 256058060800, "disk_use_per": 0.9653554893750097}, "D:": {"disk_ava": 7904026624, "disk_use": 492201189376, "disk_sum": 500105216000, "disk_use_per": 0.984195272572402}, "E:": {"disk_ava": 9668345856, "disk_use": 310401085440, "disk_sum": 320069431296, "disk_use_per": 0.969792973303162}}	
"20171206145253","os_monitor.py","os_monitor","<module>","45","6404","MainThread","2476","20","INFO","29","root","start "
"20171206145253","os_monitor.py","os_monitor","<module>","163","6404","MainThread","2476","20","INFO","29","root","end "
"20171206145319","os_monitor.py","os_monitor","<module>","45","6696","MainThread","3048","20","INFO","66","root","start "
"20171206145319","os_monitor.py","os_monitor","<module>","163","6696","MainThread","3048","20","INFO","67","root","end "
"20171206145320","os_monitor.py","os_monitor","<module>","45","8120","MainThread","7792","20","INFO","39","root","start "
"20171206145320","os_monitor.py","os_monitor","<module>","163","8120","MainThread","7792","20","INFO","40","root","end "
"20171206145320","os_monitor.py","os_monitor","<module>","45","7416","MainThread","1588","20","INFO","34","root","start "
"20171206145320","os_monitor.py","os_monitor","<module>","163","7416","MainThread","1588","20","INFO","34","root","end "
"20171206145341","os_monitor.py","os_monitor","<module>","45","5916","MainThread","6828","20","INFO","42","root","start "
"20171206145341","os_monitor.py","os_monitor","<module>","163","5916","MainThread","6828","20","INFO","42","root","end "
"20171206145342","os_monitor.py","os_monitor","<module>","45","8148","MainThread","6816","20","INFO","29","root","start "
"20171206145342","os_monitor.py","os_monitor","<module>","163","8148","MainThread","6816","20","INFO","29","root","end "
{"C:": {"disk_ava": 8870596608, "disk_use": 247187464192, "disk_sum": 256058060800, "disk_use_per": 0.9653570890122121}, "D:": {"disk_ava": 7904026624, "disk_use": 492201189376, "disk_sum": 500105216000, "disk_use_per": 0.984195272572402}, "E:": {"disk_ava": 9668345856, "disk_use": 310401085440, "disk_sum": 320069431296, "disk_use_per": 0.969792973303162}}	
{"C:": {"disk_ava": 8870596608, "disk_use": 247187464192, "disk_sum": 256058060800, "disk_use_per": 0.9653570890122121}, "D:": {"disk_ava": 7904026624, "disk_use": 492201189376, "disk_sum": 500105216000, "disk_use_per": 0.984195272572402}, "E:": {"disk_ava": 9668345856, "disk_use": 310401085440, "disk_sum": 320069431296, "disk_use_per": 0.969792973303162}}	
"20171206145342","os_monitor.py","os_monitor","<module>","45","7752","MainThread","6808","20","INFO","31","root","start "
"20171206145342","os_monitor.py","os_monitor","<module>","163","7752","MainThread","6808","20","INFO","31","root","end "
"20171206145557","os_monitor.py","os_monitor","<module>","45","7804","MainThread","7696","20","INFO","40","root","start "
"20171206145557","os_monitor.py","os_monitor","<module>","163","7804","MainThread","7696","20","INFO","40","root","end "
"20171206145558","os_monitor.py","os_monitor","<module>","45","7996","MainThread","7612","20","INFO","29","root","start "
"20171206145558","os_monitor.py","os_monitor","<module>","163","7996","MainThread","7612","20","INFO","29","root","end "
{"C:": {"disk_ava": 8870297600, "disk_use": 247187763200, "disk_sum": 256058060800, "disk_use_per": 0.9653582567473697}, "D:": {"disk_ava": 7904026624, "disk_use": 492201189376, "disk_sum": 500105216000, "disk_use_per": 0.984195272572402}, "E:": {"disk_ava": 9668345856, "disk_use": 310401085440, "disk_sum": 320069431296, "disk_use_per": 0.969792973303162}}	
{"C:": {"disk_ava": 8870297600, "disk_use": 247187763200, "disk_sum": 256058060800, "disk_use_per": 0.9653582567473697}, "D:": {"disk_ava": 7904026624, "disk_use": 492201189376, "disk_sum": 500105216000, "disk_use_per": 0.984195272572402}, "E:": {"disk_ava": 9668345856, "disk_use": 310401085440, "disk_sum": 320069431296, "disk_use_per": 0.969792973303162}}	
"20171206145558","os_monitor.py","os_monitor","<module>","45","1596","MainThread","4700","20","INFO","31","root","start "
"20171206145558","os_monitor.py","os_monitor","<module>","163","1596","MainThread","4700","20","INFO","31","root","end "
"20171206145635","os_monitor.py","os_monitor","<module>","45","7832","MainThread","7088","20","INFO","41","root","start "
"20171206145635","os_monitor.py","os_monitor","<module>","163","7832","MainThread","7088","20","INFO","42","root","end "
"20171206145635","os_monitor.py","os_monitor","<module>","45","5204","MainThread","7416","20","INFO","29","root","start "
"20171206145635","os_monitor.py","os_monitor","<module>","163","5204","MainThread","7416","20","INFO","29","root","end "
"20171206145635","os_monitor.py","os_monitor","<module>","45","1540","MainThread","6196","20","INFO","29","root","start "
"20171206145635","os_monitor.py","os_monitor","<module>","163","1540","MainThread","6196","20","INFO","31","root","end "
"20171206145712","os_monitor.py","os_monitor","<module>","45","7052","MainThread","7676","20","INFO","45","root","start "
"20171206145712","os_monitor.py","os_monitor","<module>","163","7052","MainThread","7676","20","INFO","46","root","end "
"20171206145712","os_monitor.py","os_monitor","<module>","45","7632","MainThread","7836","20","INFO","41","root","start "
"20171206145712","os_monitor.py","os_monitor","<module>","163","7632","MainThread","7836","20","INFO","42","root","end "
"20171206145712","os_monitor.py","os_monitor","<module>","45","6520","MainThread","7424","20","INFO","43","root","start "
"20171206145712","os_monitor.py","os_monitor","<module>","163","6520","MainThread","7424","20","INFO","45","root","end "
"20171206145730","os_monitor.py","os_monitor","<module>","45","4404","MainThread","8100","20","INFO","42","root","start "
"20171206145730","os_monitor.py","os_monitor","<module>","163","4404","MainThread","8100","20","INFO","43","root","end "
"20171206145731","os_monitor.py","os_monitor","<module>","45","6236","MainThread","6780","20","INFO","32","root","start "
"20171206145731","os_monitor.py","os_monitor","<module>","163","6236","MainThread","6780","20","INFO","32","root","end "
"20171206145731","os_monitor.py","os_monitor","<module>","45","6732","MainThread","1772","20","INFO","37","root","start "
"20171206145731","os_monitor.py","os_monitor","<module>","163","6732","MainThread","1772","20","INFO","37","root","end "
"20171206145742","os_monitor.py","os_monitor","<module>","45","7580","MainThread","1876","20","INFO","41","root","start "
"20171206145742","os_monitor.py","os_monitor","<module>","163","7580","MainThread","1876","20","INFO","41","root","end "
"20171206145742","os_monitor.py","os_monitor","<module>","45","7160","MainThread","7716","20","INFO","30","root","start "
"20171206145742","os_monitor.py","os_monitor","<module>","163","7160","MainThread","7716","20","INFO","31","root","end "
"20171206145742","os_monitor.py","os_monitor","<module>","45","7496","MainThread","8112","20","INFO","32","root","start "
"20171206145742","os_monitor.py","os_monitor","<module>","163","7496","MainThread","8112","20","INFO","32","root","end "
"20171206145753","os_monitor.py","os_monitor","<module>","45","7632","MainThread","7872","20","INFO","39","root","start "
"20171206145753","os_monitor.py","os_monitor","<module>","163","7632","MainThread","7872","20","INFO","39","root","end "
"20171206145754","os_monitor.py","os_monitor","<module>","45","3048","MainThread","8104","20","INFO","32","root","start "
"20171206145754","os_monitor.py","os_monitor","<module>","163","3048","MainThread","8104","20","INFO","32","root","end "
"20171206145754","os_monitor.py","os_monitor","<module>","45","7936","MainThread","7628","20","INFO","32","root","start "
"20171206145754","os_monitor.py","os_monitor","<module>","163","7936","MainThread","7628","20","INFO","32","root","end "
"20171206150218","os_monitor.py","os_monitor","<module>","45","7100","MainThread","5712","20","INFO","42","root","start "
"20171206150218","os_monitor.py","os_monitor","<module>","163","7100","MainThread","5712","20","INFO","42","root","end "
"20171206150218","os_monitor.py","os_monitor","<module>","45","7972","MainThread","1772","20","INFO","30","root","start "
"20171206150218","os_monitor.py","os_monitor","<module>","163","7972","MainThread","1772","20","INFO","30","root","end "
"20171206150218","os_monitor.py","os_monitor","<module>","45","1588","MainThread","6832","20","INFO","32","root","start "
"20171206150218","os_monitor.py","os_monitor","<module>","163","1588","MainThread","6832","20","INFO","32","root","end "
"20171206150245","os_monitor.py","os_monitor","<module>","45","6364","MainThread","7320","20","INFO","43","root","start "
"20171206150245","os_monitor.py","os_monitor","<module>","163","6364","MainThread","7320","20","INFO","43","root","end "
"20171206150245","os_monitor.py","os_monitor","<module>","45","6780","MainThread","8040","20","INFO","34","root","start "
"20171206150245","os_monitor.py","os_monitor","<module>","163","6780","MainThread","8040","20","INFO","34","root","end "
"20171206150245","os_monitor.py","os_monitor","<module>","45","6820","MainThread","7004","20","INFO","35","root","start "
"20171206150245","os_monitor.py","os_monitor","<module>","163","6820","MainThread","7004","20","INFO","35","root","end "
"20171206150313","os_monitor.py","os_monitor","<module>","45","7392","MainThread","2364","20","INFO","43","root","start "
"20171206150313","os_monitor.py","os_monitor","<module>","163","7392","MainThread","2364","20","INFO","43","root","end "
"20171206150313","os_monitor.py","os_monitor","<module>","45","6832","MainThread","1772","20","INFO","29","root","start "
"20171206150313","os_monitor.py","os_monitor","<module>","163","6832","MainThread","1772","20","INFO","30","root","end "
"20171206150313","os_monitor.py","os_monitor","<module>","45","7956","MainThread","7796","20","INFO","32","root","start "
"20171206150313","os_monitor.py","os_monitor","<module>","163","7956","MainThread","7796","20","INFO","32","root","end "
"20171206150428","os_monitor.py","os_monitor","<module>","45","6640","MainThread","8188","20","INFO","48","root","start "
"20171206150428","os_monitor.py","os_monitor","<module>","163","6640","MainThread","8188","20","INFO","48","root","end "
"20171206150429","os_monitor.py","os_monitor","<module>","45","8108","MainThread","8024","20","INFO","39","root","start "
"20171206150429","os_monitor.py","os_monitor","<module>","163","8108","MainThread","8024","20","INFO","39","root","end "
"20171206150429","os_monitor.py","os_monitor","<module>","45","8072","MainThread","4700","20","INFO","42","root","start "
"20171206150429","os_monitor.py","os_monitor","<module>","163","8072","MainThread","4700","20","INFO","42","root","end "
"20171206150600","os_monitor.py","os_monitor","<module>","45","8680","MainThread","8676","20","INFO","59","root","start "
"20171206150600","os_monitor.py","os_monitor","<module>","163","8680","MainThread","8676","20","INFO","59","root","end "
"20171206150600","os_monitor.py","os_monitor","<module>","45","8784","MainThread","8780","20","INFO","38","root","start "
"20171206150600","os_monitor.py","os_monitor","<module>","163","8784","MainThread","8780","20","INFO","38","root","end "
"20171206150600","os_monitor.py","os_monitor","<module>","45","8792","MainThread","8788","20","INFO","33","root","start "
"20171206150600","os_monitor.py","os_monitor","<module>","163","8792","MainThread","8788","20","INFO","35","root","end "
"20171206174818","os_monitor.py","os_monitor","<module>","45","2824","MainThread","3256","20","INFO","47","root","start "
"20171206174818","os_monitor.py","os_monitor","<module>","163","2824","MainThread","3256","20","INFO","62","root","end "
"20171206174819","os_monitor.py","os_monitor","<module>","45","6676","MainThread","1680","20","INFO","32","root","start "
"20171206174819","os_monitor.py","os_monitor","<module>","163","6676","MainThread","1680","20","INFO","32","root","end "
"20171206174819","os_monitor.py","os_monitor","<module>","45","2572","MainThread","2304","20","INFO","31","root","start "
"20171206174819","os_monitor.py","os_monitor","<module>","163","2572","MainThread","2304","20","INFO","31","root","end "
"20171206174834","os_monitor.py","os_monitor","<module>","45","7736","MainThread","7716","20","INFO","46","root","start "
"20171206174834","os_monitor.py","os_monitor","<module>","163","7736","MainThread","7716","20","INFO","46","root","end "
"20171206174835","os_monitor.py","os_monitor","<module>","45","6228","MainThread","5636","20","INFO","31","root","start "
"20171206174835","os_monitor.py","os_monitor","<module>","163","6228","MainThread","5636","20","INFO","31","root","end "
"20171206174835","os_monitor.py","os_monitor","<module>","45","7316","MainThread","6984","20","INFO","31","root","start "
"20171206174835","os_monitor.py","os_monitor","<module>","163","7316","MainThread","6984","20","INFO","31","root","end "
"20171206175132","os_monitor.py","os_monitor","<module>","45","7156","MainThread","6076","20","INFO","52","root","start "
"20171206175132","os_monitor.py","os_monitor","<module>","163","7156","MainThread","6076","20","INFO","52","root","end "
"20171206175132","os_monitor.py","os_monitor","<module>","45","7376","MainThread","932","20","INFO","30","root","start "
"20171206175132","os_monitor.py","os_monitor","<module>","163","7376","MainThread","932","20","INFO","30","root","end "
"20171206175209","os_monitor.py","os_monitor","<module>","45","6068","MainThread","648","20","INFO","55","root","start "
"20171206175209","os_monitor.py","os_monitor","<module>","163","6068","MainThread","648","20","INFO","55","root","end "
"20171206175209","os_monitor.py","os_monitor","<module>","45","1680","MainThread","2572","20","INFO","30","root","start "
"20171206175209","os_monitor.py","os_monitor","<module>","163","1680","MainThread","2572","20","INFO","30","root","end "
"20171206175209","os_monitor.py","os_monitor","<module>","45","3160","MainThread","2844","20","INFO","31","root","start "
"20171206175209","os_monitor.py","os_monitor","<module>","163","3160","MainThread","2844","20","INFO","31","root","end "
"20171206175225","os_monitor.py","os_monitor","<module>","45","6284","MainThread","5484","20","INFO","46","root","start "
"20171206175225","os_monitor.py","os_monitor","<module>","163","6284","MainThread","5484","20","INFO","62","root","end "
"20171206175226","os_monitor.py","os_monitor","<module>","45","6208","MainThread","5212","20","INFO","46","root","start "
"20171206175226","os_monitor.py","os_monitor","<module>","163","6208","MainThread","5212","20","INFO","46","root","end "
"20171206175226","os_monitor.py","os_monitor","<module>","45","1336","MainThread","6436","20","INFO","37","root","start "
"20171206175226","os_monitor.py","os_monitor","<module>","163","1336","MainThread","6436","20","INFO","37","root","end "
"20171206175318","os_monitor.py","os_monitor","<module>","45","5452","MainThread","8176","20","INFO","53","root","start "
"20171206175318","os_monitor.py","os_monitor","<module>","163","5452","MainThread","8176","20","INFO","55","root","end "
"20171206175319","os_monitor.py","os_monitor","<module>","45","6856","MainThread","3296","20","INFO","47","root","start "
"20171206175319","os_monitor.py","os_monitor","<module>","163","6856","MainThread","3296","20","INFO","47","root","end "
"20171206175319","os_monitor.py","os_monitor","<module>","45","7936","MainThread","6972","20","INFO","46","root","start "
"20171206175319","os_monitor.py","os_monitor","<module>","163","7936","MainThread","6972","20","INFO","46","root","end "
"20171206175419","os_monitor.py","os_monitor","<module>","45","6432","MainThread","808","20","INFO","46","root","start "
"20171206175419","os_monitor.py","os_monitor","<module>","163","6432","MainThread","808","20","INFO","46","root","end "
"20171206175419","os_monitor.py","os_monitor","<module>","45","8164","MainThread","7580","20","INFO","31","root","start "
"20171206175419","os_monitor.py","os_monitor","<module>","163","8164","MainThread","7580","20","INFO","31","root","end "
"20171206175419","os_monitor.py","os_monitor","<module>","45","3272","MainThread","5736","20","INFO","32","root","start "
"20171206175419","os_monitor.py","os_monitor","<module>","163","3272","MainThread","5736","20","INFO","32","root","end "
"20171206175547","os_monitor.py","os_monitor","<module>","45","7644","MainThread","5240","20","INFO","46","root","start "
"20171206175547","os_monitor.py","os_monitor","<module>","163","7644","MainThread","5240","20","INFO","46","root","end "
"20171206175548","os_monitor.py","os_monitor","<module>","45","6364","MainThread","3292","20","INFO","16","root","start "
"20171206175548","os_monitor.py","os_monitor","<module>","163","6364","MainThread","3292","20","INFO","16","root","end "
"20171206175548","os_monitor.py","os_monitor","<module>","45","2104","MainThread","6376","20","INFO","31","root","start "
"20171206175548","os_monitor.py","os_monitor","<module>","163","2104","MainThread","6376","20","INFO","31","root","end "
"20171206175551","os_monitor.py","os_monitor","<module>","45","7996","MainThread","7832","20","INFO","62","root","start "
"20171206175551","os_monitor.py","os_monitor","<module>","163","7996","MainThread","7832","20","INFO","62","root","end "
"20171206175551","os_monitor.py","os_monitor","<module>","45","7592","MainThread","7452","20","INFO","32","root","start "
"20171206175551","os_monitor.py","os_monitor","<module>","163","7592","MainThread","7452","20","INFO","32","root","end "
"20171206175551","os_monitor.py","os_monitor","<module>","45","7932","MainThread","7928","20","INFO","30","root","start "
"20171206175551","os_monitor.py","os_monitor","<module>","163","7932","MainThread","7928","20","INFO","30","root","end "
"20171206175559","os_monitor.py","os_monitor","<module>","45","7476","MainThread","8168","20","INFO","62","root","start "
"20171206175559","os_monitor.py","os_monitor","<module>","163","7476","MainThread","8168","20","INFO","62","root","end "
"20171206175600","os_monitor.py","os_monitor","<module>","45","6732","MainThread","6476","20","INFO","37","root","start "
"20171206175600","os_monitor.py","os_monitor","<module>","163","6732","MainThread","6476","20","INFO","37","root","end "
"20171206175600","os_monitor.py","os_monitor","<module>","45","5860","MainThread","7332","20","INFO","22","root","start "
"20171206175600","os_monitor.py","os_monitor","<module>","163","5860","MainThread","7332","20","INFO","22","root","end "
"20171206175606","os_monitor.py","os_monitor","<module>","45","7696","MainThread","7376","20","INFO","32","root","start "
"20171206175606","os_monitor.py","os_monitor","<module>","163","7696","MainThread","7376","20","INFO","32","root","end "
"20171206175607","os_monitor.py","os_monitor","<module>","45","7788","MainThread","7308","20","INFO","31","root","start "
"20171206175607","os_monitor.py","os_monitor","<module>","163","7788","MainThread","7308","20","INFO","47","root","end "
"20171206175607","os_monitor.py","os_monitor","<module>","45","6980","MainThread","1808","20","INFO","32","root","start "
"20171206175607","os_monitor.py","os_monitor","<module>","163","6980","MainThread","1808","20","INFO","32","root","end "
"20171206175613","os_monitor.py","os_monitor","<module>","45","7460","MainThread","1232","20","INFO","30","root","start "
"20171206175613","os_monitor.py","os_monitor","<module>","163","7460","MainThread","1232","20","INFO","30","root","end "
"20171206175613","os_monitor.py","os_monitor","<module>","45","7364","MainThread","5652","20","INFO","31","root","start "
"20171206175613","os_monitor.py","os_monitor","<module>","163","7364","MainThread","5652","20","INFO","31","root","end "
"20171206175613","os_monitor.py","os_monitor","<module>","45","2824","MainThread","2860","20","INFO","47","root","start "
"20171206175613","os_monitor.py","os_monitor","<module>","163","2824","MainThread","2860","20","INFO","47","root","end "
"20171206175617","os_monitor.py","os_monitor","<module>","45","1996","MainThread","6076","20","INFO","46","root","start "
"20171206175617","os_monitor.py","os_monitor","<module>","163","1996","MainThread","6076","20","INFO","46","root","end "
"20171206175618","os_monitor.py","os_monitor","<module>","45","6480","MainThread","1700","20","INFO","37","root","start "
"20171206175618","os_monitor.py","os_monitor","<module>","163","6480","MainThread","1700","20","INFO","37","root","end "
"20171206175618","os_monitor.py","os_monitor","<module>","45","7360","MainThread","6256","20","INFO","37","root","start "
"20171206175618","os_monitor.py","os_monitor","<module>","163","7360","MainThread","6256","20","INFO","37","root","end "
"20171206175642","os_monitor.py","os_monitor","<module>","45","7144","MainThread","6252","20","INFO","31","root","start "
"20171206175642","os_monitor.py","os_monitor","<module>","163","7144","MainThread","6252","20","INFO","31","root","end "
"20171206175643","os_monitor.py","os_monitor","<module>","45","7828","MainThread","2288","20","INFO","31","root","start "
"20171206175643","os_monitor.py","os_monitor","<module>","163","7828","MainThread","2288","20","INFO","31","root","end "
"20171206175643","os_monitor.py","os_monitor","<module>","45","6520","MainThread","6436","20","INFO","31","root","start "
"20171206175643","os_monitor.py","os_monitor","<module>","163","6520","MainThread","6436","20","INFO","31","root","end "
"20171206175659","os_monitor.py","os_monitor","<module>","45","1288","MainThread","7296","20","INFO","35","root","start "
"20171206175659","os_monitor.py","os_monitor","<module>","163","1288","MainThread","7296","20","INFO","35","root","end "
"20171206175659","os_monitor.py","os_monitor","<module>","45","5324","MainThread","1656","20","INFO","31","root","start "
"20171206175659","os_monitor.py","os_monitor","<module>","163","5324","MainThread","1656","20","INFO","31","root","end "
"20171206175659","os_monitor.py","os_monitor","<module>","45","5624","MainThread","7132","20","INFO","31","root","start "
"20171206175659","os_monitor.py","os_monitor","<module>","163","5624","MainThread","7132","20","INFO","31","root","end "
"20171206175756","os_monitor.py","os_monitor","<module>","45","4900","MainThread","7720","20","INFO","46","root","start "
"20171206175756","os_monitor.py","os_monitor","<module>","163","4900","MainThread","7720","20","INFO","46","root","end "
"20171206175756","os_monitor.py","os_monitor","<module>","45","8112","MainThread","6800","20","INFO","16","root","start "
"20171206175756","os_monitor.py","os_monitor","<module>","163","8112","MainThread","6800","20","INFO","16","root","end "
"20171206175757","os_monitor.py","os_monitor","<module>","45","5648","MainThread","7384","20","INFO","14","root","start "
"20171206175757","os_monitor.py","os_monitor","<module>","163","5648","MainThread","7384","20","INFO","14","root","end "
"20171206175757","os_monitor.py","os_monitor","<module>","45","7116","MainThread","6724","20","INFO","14","root","start "
"20171206175757","os_monitor.py","os_monitor","<module>","163","7116","MainThread","6724","20","INFO","14","root","end "
"20171206175757","os_monitor.py","os_monitor","<module>","45","6096","MainThread","3916","20","INFO","30","root","start "
"20171206175757","os_monitor.py","os_monitor","<module>","163","6096","MainThread","3916","20","INFO","30","root","end "
"20171206175758","os_monitor.py","os_monitor","<module>","45","8116","MainThread","5828","20","INFO","15","root","start "
"20171206175758","os_monitor.py","os_monitor","<module>","163","8116","MainThread","5828","20","INFO","15","root","end "
"20171206175758","os_monitor.py","os_monitor","<module>","45","7600","MainThread","1876","20","INFO","32","root","start "
"20171206175758","os_monitor.py","os_monitor","<module>","163","7600","MainThread","1876","20","INFO","32","root","end "
"20171206175758","os_monitor.py","os_monitor","<module>","45","7280","MainThread","5512","20","INFO","29","root","start "
"20171206175758","os_monitor.py","os_monitor","<module>","163","7280","MainThread","5512","20","INFO","29","root","end "
"20171206175758","os_monitor.py","os_monitor","<module>","45","8104","MainThread","6292","20","INFO","32","root","start "
"20171206175758","os_monitor.py","os_monitor","<module>","163","8104","MainThread","6292","20","INFO","32","root","end "
"20171206175759","os_monitor.py","os_monitor","<module>","45","7240","MainThread","7324","20","INFO","31","root","start "
"20171206175759","os_monitor.py","os_monitor","<module>","163","7240","MainThread","7324","20","INFO","31","root","end "
"20171206175759","os_monitor.py","os_monitor","<module>","45","6132","MainThread","7040","20","INFO","33","root","start "
"20171206175759","os_monitor.py","os_monitor","<module>","163","6132","MainThread","7040","20","INFO","33","root","end "
"20171206175811","os_monitor.py","os_monitor","<module>","45","3816","MainThread","5208","20","INFO","46","root","start "
"20171206175811","os_monitor.py","os_monitor","<module>","163","3816","MainThread","5208","20","INFO","46","root","end "
"20171206175811","os_monitor.py","os_monitor","<module>","45","8016","MainThread","5440","20","INFO","30","root","start "
"20171206175811","os_monitor.py","os_monitor","<module>","163","8016","MainThread","5440","20","INFO","30","root","end "
"20171206175812","os_monitor.py","os_monitor","<module>","45","7920","MainThread","7452","20","INFO","31","root","start "
"20171206175812","os_monitor.py","os_monitor","<module>","163","7920","MainThread","7452","20","INFO","31","root","end "
"20171206175812","os_monitor.py","os_monitor","<module>","45","8128","MainThread","5580","20","INFO","16","root","start "
"20171206175812","os_monitor.py","os_monitor","<module>","163","8128","MainThread","5580","20","INFO","16","root","end "
"20171206175812","os_monitor.py","os_monitor","<module>","45","7496","MainThread","7584","20","INFO","30","root","start "
"20171206175812","os_monitor.py","os_monitor","<module>","163","7496","MainThread","7584","20","INFO","30","root","end "
"20171206175813","os_monitor.py","os_monitor","<module>","45","8020","MainThread","7080","20","INFO","15","root","start "
"20171206175813","os_monitor.py","os_monitor","<module>","163","8020","MainThread","7080","20","INFO","15","root","end "
"20171206175813","os_monitor.py","os_monitor","<module>","45","5856","MainThread","6732","20","INFO","32","root","start "
"20171206175813","os_monitor.py","os_monitor","<module>","163","5856","MainThread","6732","20","INFO","32","root","end "
"20171206175813","os_monitor.py","os_monitor","<module>","45","6316","MainThread","7760","20","INFO","29","root","start "
"20171206175813","os_monitor.py","os_monitor","<module>","163","6316","MainThread","7760","20","INFO","29","root","end "
"20171206175813","os_monitor.py","os_monitor","<module>","45","5656","MainThread","5852","20","INFO","16","root","start "
"20171206175813","os_monitor.py","os_monitor","<module>","163","5656","MainThread","5852","20","INFO","16","root","end "
"20171206175814","os_monitor.py","os_monitor","<module>","45","6372","MainThread","6916","20","INFO","31","root","start "
"20171206175814","os_monitor.py","os_monitor","<module>","163","6372","MainThread","6916","20","INFO","31","root","end "
"20171206175814","os_monitor.py","os_monitor","<module>","45","7308","MainThread","6980","20","INFO","26","root","start "
"20171206175814","os_monitor.py","os_monitor","<module>","163","7308","MainThread","6980","20","INFO","26","root","end "
"20171206175831","os_monitor.py","os_monitor","<module>","45","6640","MainThread","1680","20","INFO","46","root","start "
"20171206175831","os_monitor.py","os_monitor","<module>","163","6640","MainThread","1680","20","INFO","46","root","end "
"20171206175831","os_monitor.py","os_monitor","<module>","45","7460","MainThread","1584","20","INFO","30","root","start "
"20171206175831","os_monitor.py","os_monitor","<module>","163","7460","MainThread","1584","20","INFO","30","root","end "
"20171206175831","os_monitor.py","os_monitor","<module>","45","216","MainThread","1516","20","INFO","31","root","start "
"20171206175831","os_monitor.py","os_monitor","<module>","163","216","MainThread","1516","20","INFO","31","root","end "
"20171206175831","os_monitor.py","os_monitor","<module>","45","1308","MainThread","3224","20","INFO","31","root","start "
"20171206175831","os_monitor.py","os_monitor","<module>","163","1308","MainThread","3224","20","INFO","31","root","end "
"20171206175832","os_monitor.py","os_monitor","<module>","45","3160","MainThread","1232","20","INFO","16","root","start "
"20171206175832","os_monitor.py","os_monitor","<module>","163","3160","MainThread","1232","20","INFO","16","root","end "
"20171206175832","os_monitor.py","os_monitor","<module>","45","5424","MainThread","6828","20","INFO","31","root","start "
"20171206175832","os_monitor.py","os_monitor","<module>","163","5424","MainThread","6828","20","INFO","31","root","end "
"20171206175832","os_monitor.py","os_monitor","<module>","45","1732","MainThread","3812","20","INFO","30","root","start "
"20171206175832","os_monitor.py","os_monitor","<module>","163","1732","MainThread","3812","20","INFO","30","root","end "
"20171206175833","os_monitor.py","os_monitor","<module>","45","3836","MainThread","5676","20","INFO","16","root","start "
"20171206175833","os_monitor.py","os_monitor","<module>","163","3836","MainThread","5676","20","INFO","16","root","end "
"20171206175833","os_monitor.py","os_monitor","<module>","45","6488","MainThread","6604","20","INFO","31","root","start "
"20171206175833","os_monitor.py","os_monitor","<module>","163","6488","MainThread","6604","20","INFO","31","root","end "
"20171206175833","os_monitor.py","os_monitor","<module>","45","7904","MainThread","7896","20","INFO","19","root","start "
"20171206175833","os_monitor.py","os_monitor","<module>","163","7904","MainThread","7896","20","INFO","19","root","end "
"20171206175833","os_monitor.py","os_monitor","<module>","45","6076","MainThread","6620","20","INFO","16","root","start "
"20171206175833","os_monitor.py","os_monitor","<module>","163","6076","MainThread","6620","20","INFO","16","root","end "
"20171206175838","os_monitor.py","os_monitor","<module>","45","6032","MainThread","3228","20","INFO","46","root","start "
"20171206175838","os_monitor.py","os_monitor","<module>","163","6032","MainThread","3228","20","INFO","46","root","end "
"20171206175838","os_monitor.py","os_monitor","<module>","45","6028","MainThread","6616","20","INFO","19","root","start "
"20171206175838","os_monitor.py","os_monitor","<module>","163","6028","MainThread","6616","20","INFO","19","root","end "
"20171206175838","os_monitor.py","os_monitor","<module>","45","7120","MainThread","7524","20","INFO","16","root","start "
"20171206175838","os_monitor.py","os_monitor","<module>","163","7120","MainThread","7524","20","INFO","16","root","end "
"20171206175838","os_monitor.py","os_monitor","<module>","45","6244","MainThread","7112","20","INFO","31","root","start "
"20171206175838","os_monitor.py","os_monitor","<module>","163","6244","MainThread","7112","20","INFO","31","root","end "
"20171206175839","os_monitor.py","os_monitor","<module>","45","8100","MainThread","6252","20","INFO","30","root","start "
"20171206175839","os_monitor.py","os_monitor","<module>","163","8100","MainThread","6252","20","INFO","30","root","end "
"20171206175839","os_monitor.py","os_monitor","<module>","45","4360","MainThread","5164","20","INFO","31","root","start "
"20171206175839","os_monitor.py","os_monitor","<module>","163","4360","MainThread","5164","20","INFO","31","root","end "
"20171206175839","os_monitor.py","os_monitor","<module>","45","2864","MainThread","2872","20","INFO","31","root","start "
"20171206175839","os_monitor.py","os_monitor","<module>","163","2864","MainThread","2872","20","INFO","31","root","end "
"20171206175839","os_monitor.py","os_monitor","<module>","45","6380","MainThread","1524","20","INFO","31","root","start "
"20171206175839","os_monitor.py","os_monitor","<module>","163","6380","MainThread","1524","20","INFO","31","root","end "
"20171206175840","os_monitor.py","os_monitor","<module>","45","5220","MainThread","7892","20","INFO","16","root","start "
"20171206175840","os_monitor.py","os_monitor","<module>","163","5220","MainThread","7892","20","INFO","16","root","end "
"20171206175840","os_monitor.py","os_monitor","<module>","45","4632","MainThread","5784","20","INFO","31","root","start "
"20171206175840","os_monitor.py","os_monitor","<module>","163","4632","MainThread","5784","20","INFO","31","root","end "
"20171206175840","os_monitor.py","os_monitor","<module>","45","7472","MainThread","3896","20","INFO","14","root","start "
"20171206175840","os_monitor.py","os_monitor","<module>","163","7472","MainThread","3896","20","INFO","14","root","end "
"20171206175845","os_monitor.py","os_monitor","<module>","45","5460","MainThread","7620","20","INFO","46","root","start "
"20171206175845","os_monitor.py","os_monitor","<module>","163","5460","MainThread","7620","20","INFO","46","root","end "
"20171206175845","os_monitor.py","os_monitor","<module>","45","5556","MainThread","8112","20","INFO","32","root","start "
"20171206175845","os_monitor.py","os_monitor","<module>","163","5556","MainThread","8112","20","INFO","32","root","end "
"20171206175845","os_monitor.py","os_monitor","<module>","45","1836","MainThread","7052","20","INFO","47","root","start "
"20171206175845","os_monitor.py","os_monitor","<module>","163","1836","MainThread","7052","20","INFO","48","root","end "
"20171206175845","os_monitor.py","os_monitor","<module>","45","6416","MainThread","8176","20","INFO","30","root","start "
"20171206175845","os_monitor.py","os_monitor","<module>","163","6416","MainThread","8176","20","INFO","30","root","end "
"20171206175846","os_monitor.py","os_monitor","<module>","45","3164","MainThread","5152","20","INFO","15","root","start "
"20171206175846","os_monitor.py","os_monitor","<module>","163","3164","MainThread","5152","20","INFO","15","root","end "
"20171206175846","os_monitor.py","os_monitor","<module>","45","7072","MainThread","7764","20","INFO","32","root","start "
"20171206175846","os_monitor.py","os_monitor","<module>","163","7072","MainThread","7764","20","INFO","32","root","end "
"20171206175846","os_monitor.py","os_monitor","<module>","45","7532","MainThread","2512","20","INFO","26","root","start "
"20171206175846","os_monitor.py","os_monitor","<module>","163","7532","MainThread","2512","20","INFO","26","root","end "
"20171206175846","os_monitor.py","os_monitor","<module>","45","5124","MainThread","5888","20","INFO","31","root","start "
"20171206175846","os_monitor.py","os_monitor","<module>","163","5124","MainThread","5888","20","INFO","31","root","end "
"20171206175847","os_monitor.py","os_monitor","<module>","45","3788","MainThread","7356","20","INFO","46","root","start "
"20171206175847","os_monitor.py","os_monitor","<module>","163","3788","MainThread","7356","20","INFO","46","root","end "
"20171206175847","os_monitor.py","os_monitor","<module>","45","6132","MainThread","6364","20","INFO","30","root","start "
"20171206175847","os_monitor.py","os_monitor","<module>","163","6132","MainThread","6364","20","INFO","30","root","end "
"20171206175847","os_monitor.py","os_monitor","<module>","45","7420","MainThread","5364","20","INFO","16","root","start "
"20171206175847","os_monitor.py","os_monitor","<module>","163","7420","MainThread","5364","20","INFO","16","root","end "
"20171206175848","os_monitor.py","os_monitor","<module>","45","6728","MainThread","7188","20","INFO","31","root","start "
"20171206175848","os_monitor.py","os_monitor","<module>","163","6728","MainThread","7188","20","INFO","31","root","end "
"20171206175848","os_monitor.py","os_monitor","<module>","45","7660","MainThread","6912","20","INFO","32","root","start "
"20171206175848","os_monitor.py","os_monitor","<module>","163","7660","MainThread","6912","20","INFO","32","root","end "
"20171206175848","os_monitor.py","os_monitor","<module>","45","7924","MainThread","5496","20","INFO","26","root","start "
"20171206175848","os_monitor.py","os_monitor","<module>","163","7924","MainThread","5496","20","INFO","26","root","end "
"20171206175848","os_monitor.py","os_monitor","<module>","45","7844","MainThread","5604","20","INFO","18","root","start "
"20171206175848","os_monitor.py","os_monitor","<module>","163","7844","MainThread","5604","20","INFO","18","root","end "
"20171206175849","os_monitor.py","os_monitor","<module>","45","2760","MainThread","6044","20","INFO","16","root","start "
"20171206175849","os_monitor.py","os_monitor","<module>","163","2760","MainThread","6044","20","INFO","16","root","end "
"20171206175849","os_monitor.py","os_monitor","<module>","45","7712","MainThread","7880","20","INFO","14","root","start "
"20171206175849","os_monitor.py","os_monitor","<module>","163","7712","MainThread","7880","20","INFO","14","root","end "
"20171206175849","os_monitor.py","os_monitor","<module>","45","4740","MainThread","7756","20","INFO","15","root","start "
"20171206175849","os_monitor.py","os_monitor","<module>","163","4740","MainThread","7756","20","INFO","15","root","end "
"20171206175849","os_monitor.py","os_monitor","<module>","45","1884","MainThread","5224","20","INFO","15","root","start "
"20171206175849","os_monitor.py","os_monitor","<module>","163","1884","MainThread","5224","20","INFO","15","root","end "
"20171206175850","os_monitor.py","os_monitor","<module>","45","5948","MainThread","7312","20","INFO","31","root","start "
"20171206175850","os_monitor.py","os_monitor","<module>","163","5948","MainThread","7312","20","INFO","31","root","end "
"20171206175850","os_monitor.py","os_monitor","<module>","45","5256","MainThread","7952","20","INFO","31","root","start "
"20171206175850","os_monitor.py","os_monitor","<module>","163","5256","MainThread","7952","20","INFO","31","root","end "
"20171206175850","os_monitor.py","os_monitor","<module>","45","7860","MainThread","6872","20","INFO","31","root","start "
"20171206175850","os_monitor.py","os_monitor","<module>","163","7860","MainThread","6872","20","INFO","31","root","end "
"20171206175851","os_monitor.py","os_monitor","<module>","45","7044","MainThread","5852","20","INFO","32","root","start "
"20171206175851","os_monitor.py","os_monitor","<module>","163","7044","MainThread","5852","20","INFO","32","root","end "
"20171206175851","os_monitor.py","os_monitor","<module>","45","8124","MainThread","6324","20","INFO","30","root","start "
"20171206175851","os_monitor.py","os_monitor","<module>","163","8124","MainThread","6324","20","INFO","46","root","end "
"20171206175851","os_monitor.py","os_monitor","<module>","45","6612","MainThread","7604","20","INFO","15","root","start "
"20171206175851","os_monitor.py","os_monitor","<module>","163","6612","MainThread","7604","20","INFO","15","root","end "
"20171206175851","os_monitor.py","os_monitor","<module>","45","2840","MainThread","7520","20","INFO","31","root","start "
"20171206175851","os_monitor.py","os_monitor","<module>","163","2840","MainThread","7520","20","INFO","31","root","end "
"20171206175852","os_monitor.py","os_monitor","<module>","45","2584","MainThread","7568","20","INFO","14","root","start "
"20171206175852","os_monitor.py","os_monitor","<module>","163","2584","MainThread","7568","20","INFO","14","root","end "
"20171206175852","os_monitor.py","os_monitor","<module>","45","5492","MainThread","2852","20","INFO","23","root","start "
"20171206175852","os_monitor.py","os_monitor","<module>","163","5492","MainThread","2852","20","INFO","23","root","end "
"20171206175852","os_monitor.py","os_monitor","<module>","45","1516","MainThread","1308","20","INFO","30","root","start "
"20171206175852","os_monitor.py","os_monitor","<module>","163","1516","MainThread","1308","20","INFO","30","root","end "
"20171206175853","os_monitor.py","os_monitor","<module>","45","6368","MainThread","7692","20","INFO","30","root","start "
"20171206175853","os_monitor.py","os_monitor","<module>","163","6368","MainThread","7692","20","INFO","30","root","end "
"20171206175853","os_monitor.py","os_monitor","<module>","45","7320","MainThread","5132","20","INFO","14","root","start "
"20171206175853","os_monitor.py","os_monitor","<module>","163","7320","MainThread","5132","20","INFO","14","root","end "
"20171206175853","os_monitor.py","os_monitor","<module>","45","5820","MainThread","6596","20","INFO","32","root","start "
"20171206175853","os_monitor.py","os_monitor","<module>","163","5820","MainThread","6596","20","INFO","32","root","end "
"20171206175853","os_monitor.py","os_monitor","<module>","45","6624","MainThread","6208","20","INFO","15","root","start "
"20171206175853","os_monitor.py","os_monitor","<module>","163","6624","MainThread","6208","20","INFO","15","root","end "
"20171206175854","os_monitor.py","os_monitor","<module>","45","1336","MainThread","2900","20","INFO","30","root","start "
"20171206175854","os_monitor.py","os_monitor","<module>","163","1336","MainThread","2900","20","INFO","30","root","end "
"20171206175854","os_monitor.py","os_monitor","<module>","45","2740","MainThread","6760","20","INFO","30","root","start "
"20171206175854","os_monitor.py","os_monitor","<module>","163","2740","MainThread","6760","20","INFO","30","root","end "
"20171206175854","os_monitor.py","os_monitor","<module>","45","6640","MainThread","3032","20","INFO","30","root","start "
"20171206175854","os_monitor.py","os_monitor","<module>","163","6640","MainThread","3032","20","INFO","30","root","end "
"20171206175854","os_monitor.py","os_monitor","<module>","45","4232","MainThread","3256","20","INFO","16","root","start "
"20171206175854","os_monitor.py","os_monitor","<module>","163","4232","MainThread","3256","20","INFO","16","root","end "
"20171206175855","os_monitor.py","os_monitor","<module>","45","6228","MainThread","3796","20","INFO","16","root","start "
"20171206175855","os_monitor.py","os_monitor","<module>","163","6228","MainThread","3796","20","INFO","16","root","end "
"20171206175855","os_monitor.py","os_monitor","<module>","45","6152","MainThread","8172","20","INFO","30","root","start "
"20171206175855","os_monitor.py","os_monitor","<module>","163","6152","MainThread","8172","20","INFO","30","root","end "
"20171206175855","os_monitor.py","os_monitor","<module>","45","6708","MainThread","6616","20","INFO","19","root","start "
"20171206175855","os_monitor.py","os_monitor","<module>","163","6708","MainThread","6616","20","INFO","19","root","end "
"20171206175855","os_monitor.py","os_monitor","<module>","45","6244","MainThread","3296","20","INFO","16","root","start "
"20171206175855","os_monitor.py","os_monitor","<module>","163","6244","MainThread","3296","20","INFO","16","root","end "
"20171206175856","os_monitor.py","os_monitor","<module>","45","8100","MainThread","6448","20","INFO","31","root","start "
"20171206175856","os_monitor.py","os_monitor","<module>","163","8100","MainThread","6448","20","INFO","31","root","end "
"20171206175856","os_monitor.py","os_monitor","<module>","45","4360","MainThread","2552","20","INFO","15","root","start "
"20171206175856","os_monitor.py","os_monitor","<module>","163","4360","MainThread","2552","20","INFO","15","root","end "
"20171206175856","os_monitor.py","os_monitor","<module>","45","5644","MainThread","5164","20","INFO","14","root","start "
"20171206175856","os_monitor.py","os_monitor","<module>","163","5644","MainThread","5164","20","INFO","14","root","end "
"20171206175857","os_monitor.py","os_monitor","<module>","45","6380","MainThread","7812","20","INFO","31","root","start "
"20171206175857","os_monitor.py","os_monitor","<module>","163","6380","MainThread","7812","20","INFO","31","root","end "
"20171206175857","os_monitor.py","os_monitor","<module>","45","4504","MainThread","5220","20","INFO","31","root","start "
"20171206175857","os_monitor.py","os_monitor","<module>","163","4504","MainThread","5220","20","INFO","31","root","end "
"20171206175857","os_monitor.py","os_monitor","<module>","45","1376","MainThread","4632","20","INFO","29","root","start "
"20171206175857","os_monitor.py","os_monitor","<module>","163","1376","MainThread","4632","20","INFO","29","root","end "
"20171206175857","os_monitor.py","os_monitor","<module>","45","7472","MainThread","2888","20","INFO","31","root","start "
"20171206175857","os_monitor.py","os_monitor","<module>","163","7472","MainThread","2888","20","INFO","31","root","end "
"20171206175858","os_monitor.py","os_monitor","<module>","45","7648","MainThread","7244","20","INFO","30","root","start "
"20171206175858","os_monitor.py","os_monitor","<module>","163","7648","MainThread","7244","20","INFO","30","root","end "
"20171206175858","os_monitor.py","os_monitor","<module>","45","8036","MainThread","3148","20","INFO","54","root","start "
"20171206175858","os_monitor.py","os_monitor","<module>","163","8036","MainThread","3148","20","INFO","54","root","end "
"20171206175858","os_monitor.py","os_monitor","<module>","45","8032","MainThread","5272","20","INFO","46","root","start "
"20171206175858","os_monitor.py","os_monitor","<module>","163","8032","MainThread","5272","20","INFO","46","root","end "
"20171206175859","os_monitor.py","os_monitor","<module>","45","6444","MainThread","1400","20","INFO","31","root","start "
"20171206175859","os_monitor.py","os_monitor","<module>","163","6444","MainThread","1400","20","INFO","31","root","end "
"20171206175859","os_monitor.py","os_monitor","<module>","45","7456","MainThread","2808","20","INFO","14","root","start "
"20171206175859","os_monitor.py","os_monitor","<module>","163","7456","MainThread","2808","20","INFO","14","root","end "
"20171206175859","os_monitor.py","os_monitor","<module>","45","7444","MainThread","6780","20","INFO","31","root","start "
"20171206175859","os_monitor.py","os_monitor","<module>","163","7444","MainThread","6780","20","INFO","31","root","end "
"20171206175859","os_monitor.py","os_monitor","<module>","45","8064","MainThread","7408","20","INFO","30","root","start "
"20171206175859","os_monitor.py","os_monitor","<module>","163","8064","MainThread","7408","20","INFO","30","root","end "
"20171206175900","os_monitor.py","os_monitor","<module>","45","7336","MainThread","6000","20","INFO","31","root","start "
"20171206175900","os_monitor.py","os_monitor","<module>","163","7336","MainThread","6000","20","INFO","31","root","end "
"20171206175900","os_monitor.py","os_monitor","<module>","45","7480","MainThread","6296","20","INFO","26","root","start "
"20171206175900","os_monitor.py","os_monitor","<module>","163","7480","MainThread","6296","20","INFO","26","root","end "
"20171206175900","os_monitor.py","os_monitor","<module>","45","7872","MainThread","7248","20","INFO","30","root","start "
"20171206175900","os_monitor.py","os_monitor","<module>","163","7872","MainThread","7248","20","INFO","30","root","end "
"20171206175901","os_monitor.py","os_monitor","<module>","45","4900","MainThread","3884","20","INFO","31","root","start "
"20171206175901","os_monitor.py","os_monitor","<module>","163","4900","MainThread","3884","20","INFO","31","root","end "
"20171206175901","os_monitor.py","os_monitor","<module>","45","7644","MainThread","3176","20","INFO","16","root","start "
"20171206175901","os_monitor.py","os_monitor","<module>","163","7644","MainThread","3176","20","INFO","30","root","end "
"20171206175901","os_monitor.py","os_monitor","<module>","45","6664","MainThread","7160","20","INFO","36","root","start "
"20171206175901","os_monitor.py","os_monitor","<module>","163","6664","MainThread","7160","20","INFO","36","root","end "
"20171206175901","os_monitor.py","os_monitor","<module>","45","7932","MainThread","7284","20","INFO","32","root","start "
"20171206175901","os_monitor.py","os_monitor","<module>","163","7932","MainThread","7284","20","INFO","32","root","end "
"20171206175902","os_monitor.py","os_monitor","<module>","45","1444","MainThread","7556","20","INFO","30","root","start "
"20171206175902","os_monitor.py","os_monitor","<module>","163","1444","MainThread","7556","20","INFO","30","root","end "
"20171206175902","os_monitor.py","os_monitor","<module>","45","7500","MainThread","6236","20","INFO","14","root","start "
"20171206175902","os_monitor.py","os_monitor","<module>","163","7500","MainThread","6236","20","INFO","14","root","end "
"20171206175902","os_monitor.py","os_monitor","<module>","45","6216","MainThread","6456","20","INFO","31","root","start "
"20171206175902","os_monitor.py","os_monitor","<module>","163","6216","MainThread","6456","20","INFO","31","root","end "
"20171206175902","os_monitor.py","os_monitor","<module>","45","1276","MainThread","6540","20","INFO","15","root","start "
"20171206175902","os_monitor.py","os_monitor","<module>","163","1276","MainThread","6540","20","INFO","15","root","end "
"20171206175903","os_monitor.py","os_monitor","<module>","45","7928","MainThread","1872","20","INFO","31","root","start "
"20171206175903","os_monitor.py","os_monitor","<module>","163","7928","MainThread","1872","20","INFO","31","root","end "
"20171206175903","os_monitor.py","os_monitor","<module>","45","2748","MainThread","7900","20","INFO","34","root","start "
"20171206175903","os_monitor.py","os_monitor","<module>","163","2748","MainThread","7900","20","INFO","34","root","end "
"20171206175903","os_monitor.py","os_monitor","<module>","45","7988","MainThread","7096","20","INFO","37","root","start "
"20171206175903","os_monitor.py","os_monitor","<module>","163","7988","MainThread","7096","20","INFO","37","root","end "
"20171206175903","os_monitor.py","os_monitor","<module>","45","7876","MainThread","6288","20","INFO","32","root","start "
"20171206175903","os_monitor.py","os_monitor","<module>","163","7876","MainThread","6288","20","INFO","32","root","end "
"20171206175904","os_monitor.py","os_monitor","<module>","45","6280","MainThread","7308","20","INFO","30","root","start "
"20171206175904","os_monitor.py","os_monitor","<module>","163","6280","MainThread","7308","20","INFO","30","root","end "
"20171206175904","os_monitor.py","os_monitor","<module>","45","7720","MainThread","7948","20","INFO","32","root","start "
"20171206175904","os_monitor.py","os_monitor","<module>","163","7720","MainThread","7948","20","INFO","32","root","end "
"20171206175904","os_monitor.py","os_monitor","<module>","45","5772","MainThread","8040","20","INFO","28","root","start "
"20171206175904","os_monitor.py","os_monitor","<module>","163","5772","MainThread","8040","20","INFO","28","root","end "
"20171206175905","os_monitor.py","os_monitor","<module>","45","7708","MainThread","2860","20","INFO","16","root","start "
"20171206175905","os_monitor.py","os_monitor","<module>","163","7708","MainThread","2860","20","INFO","16","root","end "
"20171206175905","os_monitor.py","os_monitor","<module>","45","7460","MainThread","6592","20","INFO","30","root","start "
"20171206175905","os_monitor.py","os_monitor","<module>","163","7460","MainThread","6592","20","INFO","30","root","end "
"20171206175905","os_monitor.py","os_monitor","<module>","45","216","MainThread","5744","20","INFO","31","root","start "
"20171206175905","os_monitor.py","os_monitor","<module>","163","216","MainThread","5744","20","INFO","31","root","end "
"20171206175905","os_monitor.py","os_monitor","<module>","45","6572","MainThread","2668","20","INFO","30","root","start "
"20171206175905","os_monitor.py","os_monitor","<module>","163","6572","MainThread","2668","20","INFO","30","root","end "
"20171206175906","os_monitor.py","os_monitor","<module>","45","6480","MainThread","4540","20","INFO","15","root","start "
"20171206175906","os_monitor.py","os_monitor","<module>","163","6480","MainThread","4540","20","INFO","15","root","end "
"20171206175906","os_monitor.py","os_monitor","<module>","45","6256","MainThread","2920","20","INFO","30","root","start "
"20171206175906","os_monitor.py","os_monitor","<module>","163","6256","MainThread","2920","20","INFO","30","root","end "
"20171206175906","os_monitor.py","os_monitor","<module>","45","2144","MainThread","6452","20","INFO","15","root","start "
"20171206175906","os_monitor.py","os_monitor","<module>","163","2144","MainThread","6452","20","INFO","15","root","end "
"20171206175907","os_monitor.py","os_monitor","<module>","45","6224","MainThread","5576","20","INFO","141","root","start "
"20171206175907","os_monitor.py","os_monitor","<module>","163","6224","MainThread","5576","20","INFO","141","root","end "
"20171206175907","os_monitor.py","os_monitor","<module>","45","6548","MainThread","6112","20","INFO","30","root","start "
"20171206175907","os_monitor.py","os_monitor","<module>","163","6548","MainThread","6112","20","INFO","30","root","end "
"20171206175907","os_monitor.py","os_monitor","<module>","45","6632","MainThread","2192","20","INFO","29","root","start "
"20171206175907","os_monitor.py","os_monitor","<module>","163","6632","MainThread","2192","20","INFO","29","root","end "
"20171206175907","os_monitor.py","os_monitor","<module>","45","5848","MainThread","2288","20","INFO","32","root","start "
"20171206175907","os_monitor.py","os_monitor","<module>","163","5848","MainThread","2288","20","INFO","32","root","end "
"20171206175908","os_monitor.py","os_monitor","<module>","45","4664","MainThread","6880","20","INFO","15","root","start "
"20171206175908","os_monitor.py","os_monitor","<module>","163","4664","MainThread","6880","20","INFO","15","root","end "
"20171206175908","os_monitor.py","os_monitor","<module>","45","6764","MainThread","5528","20","INFO","30","root","start "
"20171206175908","os_monitor.py","os_monitor","<module>","163","6764","MainThread","5528","20","INFO","30","root","end "
"20171206175908","os_monitor.py","os_monitor","<module>","45","7028","MainThread","1320","20","INFO","31","root","start "
"20171206175908","os_monitor.py","os_monitor","<module>","163","7028","MainThread","1320","20","INFO","31","root","end "
"20171206175908","os_monitor.py","os_monitor","<module>","45","7400","MainThread","3640","20","INFO","14","root","start "
"20171206175908","os_monitor.py","os_monitor","<module>","163","7400","MainThread","3640","20","INFO","14","root","end "
"20171206175909","os_monitor.py","os_monitor","<module>","45","1656","MainThread","5624","20","INFO","30","root","start "
"20171206175909","os_monitor.py","os_monitor","<module>","163","1656","MainThread","5624","20","INFO","30","root","end "
"20171206175909","os_monitor.py","os_monitor","<module>","45","6352","MainThread","6868","20","INFO","19","root","start "
"20171206175909","os_monitor.py","os_monitor","<module>","163","6352","MainThread","6868","20","INFO","19","root","end "
"20171206175909","os_monitor.py","os_monitor","<module>","45","7780","MainThread","7804","20","INFO","30","root","start "
"20171206175909","os_monitor.py","os_monitor","<module>","163","7780","MainThread","7804","20","INFO","30","root","end "
"20171206175910","os_monitor.py","os_monitor","<module>","45","764","MainThread","4360","20","INFO","31","root","start "
"20171206175910","os_monitor.py","os_monitor","<module>","163","764","MainThread","4360","20","INFO","31","root","end "
"20171206175910","os_monitor.py","os_monitor","<module>","45","8096","MainThread","5644","20","INFO","32","root","start "
"20171206175910","os_monitor.py","os_monitor","<module>","163","8096","MainThread","5644","20","INFO","32","root","end "
"20171206175910","os_monitor.py","os_monitor","<module>","45","3296","MainThread","5164","20","INFO","30","root","start "
"20171206175910","os_monitor.py","os_monitor","<module>","163","3296","MainThread","5164","20","INFO","30","root","end "
"20171206175910","os_monitor.py","os_monitor","<module>","45","7892","MainThread","4504","20","INFO","16","root","start "
"20171206175910","os_monitor.py","os_monitor","<module>","163","7892","MainThread","4504","20","INFO","16","root","end "
"20171206175911","os_monitor.py","os_monitor","<module>","45","3852","MainThread","2872","20","INFO","14","root","start "
"20171206175911","os_monitor.py","os_monitor","<module>","163","3852","MainThread","2872","20","INFO","14","root","end "
"20171206175911","os_monitor.py","os_monitor","<module>","45","7640","MainThread","1556","20","INFO","16","root","start "
"20171206175911","os_monitor.py","os_monitor","<module>","163","7640","MainThread","1556","20","INFO","16","root","end "
"20171206175911","os_monitor.py","os_monitor","<module>","45","7908","MainThread","7064","20","INFO","31","root","start "
"20171206175911","os_monitor.py","os_monitor","<module>","163","7908","MainThread","7064","20","INFO","31","root","end "
"20171206175911","os_monitor.py","os_monitor","<module>","45","7572","MainThread","7552","20","INFO","30","root","start "
"20171206175911","os_monitor.py","os_monitor","<module>","163","7572","MainThread","7552","20","INFO","30","root","end "
"20171206175912","os_monitor.py","os_monitor","<module>","45","5468","MainThread","7612","20","INFO","16","root","start "
"20171206175912","os_monitor.py","os_monitor","<module>","163","5468","MainThread","7612","20","INFO","16","root","end "
"20171206175912","os_monitor.py","os_monitor","<module>","45","7424","MainThread","1836","20","INFO","32","root","start "
"20171206175912","os_monitor.py","os_monitor","<module>","163","7424","MainThread","1836","20","INFO","32","root","end "
"20171206180055","os_monitor.py","os_monitor","<module>","45","5240","MainThread","7712","20","INFO","47","root","start "
"20171206180055","os_monitor.py","os_monitor","<module>","163","5240","MainThread","7712","20","INFO","47","root","end "
"20171206180056","os_monitor.py","os_monitor","<module>","45","5656","MainThread","932","20","INFO","78","root","start "
"20171206180056","os_monitor.py","os_monitor","<module>","163","5656","MainThread","932","20","INFO","78","root","end "
"20171206180056","os_monitor.py","os_monitor","<module>","45","7876","MainThread","8160","20","INFO","46","root","start "
"20171206180056","os_monitor.py","os_monitor","<module>","163","7876","MainThread","8160","20","INFO","46","root","end "
"20171206180056","os_monitor.py","os_monitor","<module>","45","6980","MainThread","5252","20","INFO","46","root","start "
"20171206180056","os_monitor.py","os_monitor","<module>","163","6980","MainThread","5252","20","INFO","46","root","end "
"20171206180056","os_monitor.py","os_monitor","<module>","45","7760","MainThread","5332","20","INFO","46","root","start "
"20171206180056","os_monitor.py","os_monitor","<module>","163","7760","MainThread","5332","20","INFO","46","root","end "
"20171206180056","os_monitor.py","os_monitor","<module>","45","8132","MainThread","6476","20","INFO","31","root","start "
"20171206180056","os_monitor.py","os_monitor","<module>","163","8132","MainThread","6476","20","INFO","31","root","end "
"20171206180057","os_monitor.py","os_monitor","<module>","45","7308","MainThread","2676","20","INFO","30","root","start "
"20171206180057","os_monitor.py","os_monitor","<module>","163","7308","MainThread","2676","20","INFO","30","root","end "
"20171206180057","os_monitor.py","os_monitor","<module>","45","7096","MainThread","7504","20","INFO","32","root","start "
"20171206180057","os_monitor.py","os_monitor","<module>","163","7096","MainThread","7504","20","INFO","32","root","end "
"20171206180058","os_monitor.py","os_monitor","<module>","45","1572","MainThread","1912","20","INFO","28","root","start "
"20171206180058","os_monitor.py","os_monitor","<module>","163","1572","MainThread","1912","20","INFO","28","root","end "
"20171206180058","os_monitor.py","os_monitor","<module>","45","2860","MainThread","7272","20","INFO","31","root","start "
"20171206180058","os_monitor.py","os_monitor","<module>","163","2860","MainThread","7272","20","INFO","31","root","end "
"20171206180058","os_monitor.py","os_monitor","<module>","45","6324","MainThread","7520","20","INFO","31","root","start "
"20171206180058","os_monitor.py","os_monitor","<module>","163","6324","MainThread","7520","20","INFO","31","root","end "
"20171206180058","os_monitor.py","os_monitor","<module>","45","1584","MainThread","6068","20","INFO","30","root","start "
"20171206180058","os_monitor.py","os_monitor","<module>","163","1584","MainThread","6068","20","INFO","30","root","end "
"20171206180059","os_monitor.py","os_monitor","<module>","45","5764","MainThread","1516","20","INFO","31","root","start "
"20171206180059","os_monitor.py","os_monitor","<module>","163","5764","MainThread","1516","20","INFO","31","root","end "
"20171206180059","os_monitor.py","os_monitor","<module>","45","2128","MainThread","7376","20","INFO","15","root","start "
"20171206180059","os_monitor.py","os_monitor","<module>","163","2128","MainThread","7376","20","INFO","15","root","end "
"20171206180100","os_monitor.py","os_monitor","<module>","45","3172","MainThread","7320","20","INFO","31","root","start "
"20171206180100","os_monitor.py","os_monitor","<module>","163","3172","MainThread","7320","20","INFO","31","root","end "
"20171206180100","os_monitor.py","os_monitor","<module>","45","5820","MainThread","7416","20","INFO","30","root","start "
"20171206180100","os_monitor.py","os_monitor","<module>","163","5820","MainThread","7416","20","INFO","30","root","end "
"20171206180120","os_monitor.py","os_monitor","<module>","45","6332","MainThread","2740","20","INFO","32","root","start "
"20171206180120","os_monitor.py","os_monitor","<module>","163","6332","MainThread","2740","20","INFO","32","root","end "
"20171206180121","os_monitor.py","os_monitor","<module>","45","6244","MainThread","1896","20","INFO","62","root","start "
"20171206180121","os_monitor.py","os_monitor","<module>","163","6244","MainThread","1896","20","INFO","62","root","end "
"20171206180121","os_monitor.py","os_monitor","<module>","45","8144","MainThread","6272","20","INFO","47","root","start "
"20171206180121","os_monitor.py","os_monitor","<module>","163","8144","MainThread","6272","20","INFO","47","root","end "
"20171206180121","os_monitor.py","os_monitor","<module>","45","6616","MainThread","3256","20","INFO","47","root","start "
"20171206180121","os_monitor.py","os_monitor","<module>","163","6616","MainThread","3256","20","INFO","47","root","end "
"20171206180121","os_monitor.py","os_monitor","<module>","45","1288","MainThread","6516","20","INFO","46","root","start "
"20171206180121","os_monitor.py","os_monitor","<module>","163","1288","MainThread","6516","20","INFO","46","root","end "
"20171206180121","os_monitor.py","os_monitor","<module>","45","5284","MainThread","5624","20","INFO","32","root","start "
"20171206180121","os_monitor.py","os_monitor","<module>","163","5284","MainThread","5624","20","INFO","32","root","end "
"20171206180122","os_monitor.py","os_monitor","<module>","45","6856","MainThread","5768","20","INFO","31","root","start "
"20171206180122","os_monitor.py","os_monitor","<module>","163","6856","MainThread","5768","20","INFO","31","root","end "
"20171206180122","os_monitor.py","os_monitor","<module>","45","6508","MainThread","2864","20","INFO","32","root","start "
"20171206180122","os_monitor.py","os_monitor","<module>","163","6508","MainThread","2864","20","INFO","32","root","end "
"20171206180122","os_monitor.py","os_monitor","<module>","45","7100","MainThread","5444","20","INFO","28","root","start "
"20171206180122","os_monitor.py","os_monitor","<module>","163","7100","MainThread","5444","20","INFO","28","root","end "
"20171206180123","os_monitor.py","os_monitor","<module>","45","1380","MainThread","6448","20","INFO","31","root","start "
"20171206180123","os_monitor.py","os_monitor","<module>","163","1380","MainThread","6448","20","INFO","31","root","end "
"20171206180123","os_monitor.py","os_monitor","<module>","45","1376","MainThread","7992","20","INFO","32","root","start "
"20171206180123","os_monitor.py","os_monitor","<module>","163","1376","MainThread","7992","20","INFO","32","root","end "
"20171206180123","os_monitor.py","os_monitor","<module>","45","4632","MainThread","7212","20","INFO","14","root","start "
"20171206180123","os_monitor.py","os_monitor","<module>","163","4632","MainThread","7212","20","INFO","14","root","end "
"20171206180123","os_monitor.py","os_monitor","<module>","45","7648","MainThread","7640","20","INFO","30","root","start "
"20171206180123","os_monitor.py","os_monitor","<module>","163","7648","MainThread","7640","20","INFO","30","root","end "
"20171206180124","os_monitor.py","os_monitor","<module>","45","8088","MainThread","7244","20","INFO","19","root","start "
"20171206180124","os_monitor.py","os_monitor","<module>","163","8088","MainThread","7244","20","INFO","19","root","end "
"20171206180124","os_monitor.py","os_monitor","<module>","45","2752","MainThread","7752","20","INFO","31","root","start "
"20171206180124","os_monitor.py","os_monitor","<module>","163","2752","MainThread","7752","20","INFO","31","root","end "
"20171206180124","os_monitor.py","os_monitor","<module>","45","6312","MainThread","3148","20","INFO","31","root","start "
"20171206180124","os_monitor.py","os_monitor","<module>","163","6312","MainThread","3148","20","INFO","31","root","end "
"20171206180138","os_monitor.py","os_monitor","<module>","45","6148","MainThread","7180","20","INFO","46","root","start "
"20171206180138","os_monitor.py","os_monitor","<module>","163","6148","MainThread","7180","20","INFO","46","root","end "
"20171206180139","os_monitor.py","os_monitor","<module>","45","5888","MainThread","6004","20","INFO","46","root","start "
"20171206180139","os_monitor.py","os_monitor","<module>","163","5888","MainThread","6004","20","INFO","46","root","end "
"20171206180139","os_monitor.py","os_monitor","<module>","45","7540","MainThread","5124","20","INFO","47","root","start "
"20171206180139","os_monitor.py","os_monitor","<module>","163","7540","MainThread","5124","20","INFO","47","root","end "
"20171206180139","os_monitor.py","os_monitor","<module>","45","2068","MainThread","6176","20","INFO","108","root","start "
"20171206180139","os_monitor.py","os_monitor","<module>","163","2068","MainThread","6176","20","INFO","108","root","end "
"20171206180139","os_monitor.py","os_monitor","<module>","45","1832","MainThread","6348","20","INFO","46","root","start "
"20171206180139","os_monitor.py","os_monitor","<module>","163","1832","MainThread","6348","20","INFO","46","root","end "
"20171206180139","os_monitor.py","os_monitor","<module>","45","5976","MainThread","7700","20","INFO","16","root","start "
"20171206180139","os_monitor.py","os_monitor","<module>","163","5976","MainThread","7700","20","INFO","16","root","end "
"20171206180139","os_monitor.py","os_monitor","<module>","45","7324","MainThread","5804","20","INFO","30","root","start "
"20171206180139","os_monitor.py","os_monitor","<module>","163","7324","MainThread","5804","20","INFO","30","root","end "
"20171206180140","os_monitor.py","os_monitor","<module>","45","4900","MainThread","8116","20","INFO","32","root","start "
"20171206180140","os_monitor.py","os_monitor","<module>","163","4900","MainThread","8116","20","INFO","32","root","end "
"20171206180140","os_monitor.py","os_monitor","<module>","45","7528","MainThread","5488","20","INFO","16","root","start "
"20171206180140","os_monitor.py","os_monitor","<module>","163","7528","MainThread","5488","20","INFO","16","root","end "
"20171206180140","os_monitor.py","os_monitor","<module>","45","6116","MainThread","7932","20","INFO","15","root","start "
"20171206180140","os_monitor.py","os_monitor","<module>","163","6116","MainThread","7932","20","INFO","15","root","end "
"20171206180140","os_monitor.py","os_monitor","<module>","45","7428","MainThread","4872","20","INFO","16","root","start "
"20171206180140","os_monitor.py","os_monitor","<module>","163","7428","MainThread","4872","20","INFO","16","root","end "
"20171206180141","os_monitor.py","os_monitor","<module>","45","7688","MainThread","8128","20","INFO","14","root","start "
"20171206180141","os_monitor.py","os_monitor","<module>","163","7688","MainThread","8128","20","INFO","14","root","end "
"20171206180141","os_monitor.py","os_monitor","<module>","45","6912","MainThread","5748","20","INFO","30","root","start "
"20171206180141","os_monitor.py","os_monitor","<module>","163","6912","MainThread","5748","20","INFO","30","root","end "
"20171206180141","os_monitor.py","os_monitor","<module>","45","6992","MainThread","6088","20","INFO","16","root","start "
"20171206180141","os_monitor.py","os_monitor","<module>","163","6992","MainThread","6088","20","INFO","16","root","end "
"20171206180141","os_monitor.py","os_monitor","<module>","45","1872","MainThread","2748","20","INFO","30","root","start "
"20171206180141","os_monitor.py","os_monitor","<module>","163","1872","MainThread","2748","20","INFO","30","root","end "
"20171206180142","os_monitor.py","os_monitor","<module>","45","6044","MainThread","5948","20","INFO","15","root","start "
"20171206180142","os_monitor.py","os_monitor","<module>","163","6044","MainThread","5948","20","INFO","15","root","end "
"20171206180228","os_monitor.py","os_monitor","<module>","45","1700","MainThread","7744","20","INFO","31","root","start "
"20171206180228","os_monitor.py","os_monitor","<module>","163","1700","MainThread","7744","20","INFO","31","root","end "
"20171206180229","os_monitor.py","os_monitor","<module>","45","7396","MainThread","5480","20","INFO","47","root","start "
"20171206180229","os_monitor.py","os_monitor","<module>","163","7396","MainThread","5480","20","INFO","47","root","end "
"20171206180229","os_monitor.py","os_monitor","<module>","45","5500","MainThread","6624","20","INFO","46","root","start "
"20171206180229","os_monitor.py","os_monitor","<module>","163","5500","MainThread","6624","20","INFO","46","root","end "
"20171206180229","os_monitor.py","os_monitor","<module>","45","6520","MainThread","2900","20","INFO","15","root","start "
"20171206180229","os_monitor.py","os_monitor","<module>","163","6520","MainThread","2900","20","INFO","15","root","end "
"20171206180229","os_monitor.py","os_monitor","<module>","45","6452","MainThread","5680","20","INFO","46","root","start "
"20171206180229","os_monitor.py","os_monitor","<module>","163","6452","MainThread","5680","20","INFO","46","root","end "
"20171206180229","os_monitor.py","os_monitor","<module>","45","1336","MainThread","7896","20","INFO","30","root","start "
"20171206180229","os_monitor.py","os_monitor","<module>","163","1336","MainThread","7896","20","INFO","30","root","end "
"20171206180435","os_monitor.py","os_monitor","<module>","45","6096","MainThread","7612","20","INFO","37","root","start "
"20171206180435","os_monitor.py","os_monitor","<module>","163","6096","MainThread","7612","20","INFO","37","root","end "
"20171206180435","os_monitor.py","os_monitor","<module>","45","7192","MainThread","7392","20","INFO","46","root","start "
"20171206180435","os_monitor.py","os_monitor","<module>","163","7192","MainThread","7392","20","INFO","46","root","end "
"20171206180435","os_monitor.py","os_monitor","<module>","45","7040","MainThread","7196","20","INFO","46","root","start "
"20171206180435","os_monitor.py","os_monitor","<module>","163","7040","MainThread","7196","20","INFO","46","root","end "
"20171206180435","os_monitor.py","os_monitor","<module>","45","1784","MainThread","6840","20","INFO","64","root","start "
"20171206180435","os_monitor.py","os_monitor","<module>","163","1784","MainThread","6840","20","INFO","65","root","end "
"20171206180435","os_monitor.py","os_monitor","<module>","45","7028","MainThread","8176","20","INFO","55","root","start "
"20171206180435","os_monitor.py","os_monitor","<module>","163","7028","MainThread","8176","20","INFO","55","root","end "
"20171206180435","os_monitor.py","os_monitor","<module>","45","6684","MainThread","5648","20","INFO","62","root","start "
"20171206180435","os_monitor.py","os_monitor","<module>","163","6684","MainThread","5648","20","INFO","62","root","end "
"20171206180435","os_monitor.py","os_monitor","<module>","45","3464","MainThread","5460","20","INFO","88","root","start "
"20171206180435","os_monitor.py","os_monitor","<module>","163","3464","MainThread","5460","20","INFO","88","root","end "
"20171206180435","os_monitor.py","os_monitor","<module>","45","7172","MainThread","1124","20","INFO","61","root","start "
"20171206180435","os_monitor.py","os_monitor","<module>","163","7172","MainThread","1124","20","INFO","61","root","end "
"20171206180435","os_monitor.py","os_monitor","<module>","45","7384","MainThread","7576","20","INFO","88","root","start "
"20171206180435","os_monitor.py","os_monitor","<module>","163","7384","MainThread","7576","20","INFO","88","root","end "
"20171206180436","os_monitor.py","os_monitor","<module>","45","5272","MainThread","7184","20","INFO","32","root","start "
"20171206180436","os_monitor.py","os_monitor","<module>","163","5272","MainThread","7184","20","INFO","32","root","end "
"20171206180436","os_monitor.py","os_monitor","<module>","45","8060","MainThread","7052","20","INFO","32","root","start "
"20171206180436","os_monitor.py","os_monitor","<module>","163","8060","MainThread","7052","20","INFO","46","root","end "
"20171206180444","os_monitor.py","os_monitor","<module>","45","7048","MainThread","7236","20","INFO","46","root","start "
"20171206180444","os_monitor.py","os_monitor","<module>","163","7048","MainThread","7236","20","INFO","46","root","end "
"20171206180444","os_monitor.py","os_monitor","<module>","45","6000","MainThread","2756","20","INFO","82","root","start "
"20171206180444","os_monitor.py","os_monitor","<module>","163","6000","MainThread","2756","20","INFO","82","root","end "
"20171206180444","os_monitor.py","os_monitor","<module>","45","7328","MainThread","6904","20","INFO","148","root","start "
"20171206180444","os_monitor.py","os_monitor","<module>","163","7328","MainThread","6904","20","INFO","150","root","end "
"20171206180444","os_monitor.py","os_monitor","<module>","45","1624","MainThread","7072","20","INFO","101","root","start "
"20171206180444","os_monitor.py","os_monitor","<module>","163","1624","MainThread","7072","20","INFO","101","root","end "
"20171206180444","os_monitor.py","os_monitor","<module>","45","2068","MainThread","7632","20","INFO","79","root","start "
"20171206180444","os_monitor.py","os_monitor","<module>","163","2068","MainThread","7632","20","INFO","79","root","end "
"20171206180444","os_monitor.py","os_monitor","<module>","45","1832","MainThread","7216","20","INFO","62","root","start "
"20171206180444","os_monitor.py","os_monitor","<module>","163","6296","MainThread","5888","20","INFO","95","root","end "
"20171206180444","os_monitor.py","os_monitor","<module>","163","1832","MainThread","7216","20","INFO","78","root","end "
"20171206180444","os_monitor.py","os_monitor","<module>","45","6936","MainThread","4788","20","INFO","222","root","start "
"20171206180444","os_monitor.py","os_monitor","<module>","163","6936","MainThread","4788","20","INFO","222","root","end "
"20171206180444","os_monitor.py","os_monitor","<module>","45","6944","MainThread","7092","20","INFO","46","root","start "
"20171206180444","os_monitor.py","os_monitor","<module>","163","6944","MainThread","7092","20","INFO","46","root","end "
"20171206180444","os_monitor.py","os_monitor","<module>","45","7540","MainThread","5152","20","INFO","30","root","start "
"20171206180444","os_monitor.py","os_monitor","<module>","163","7540","MainThread","5152","20","INFO","30","root","end "
"20171206180444","os_monitor.py","os_monitor","<module>","45","808","MainThread","6132","20","INFO","32","root","start "
"20171206180444","os_monitor.py","os_monitor","<module>","163","808","MainThread","6132","20","INFO","32","root","end "
"20171206180646","os_monitor.py","os_monitor","<module>","45","7416","MainThread","7320","20","INFO","46","root","start "
"20171206180646","os_monitor.py","os_monitor","<module>","163","7416","MainThread","7320","20","INFO","46","root","end "
"20171206180646","os_monitor.py","os_monitor","<module>","45","6356","MainThread","7532","20","INFO","32","root","start "
"20171206180646","os_monitor.py","os_monitor","<module>","163","2508","MainThread","2144","20","INFO","32","root","end "
"20171206180646","os_monitor.py","os_monitor","<module>","163","6356","MainThread","7532","20","INFO","32","root","end "
